Using pre-set license
Built from '2021.3/staging' branch; Version is '2021.3.18f1 (3129e69bc0c7) revision 3221990'; Using compiler version '192829333'; Build Type 'Release'
OS: 'Windows 11  (10.0.22621) 64bit Professional' Language: 'en' Physical Memory: 16257 MB
BatchMode: 1, IsHumanControllingUs: 0, StartBugReporterOnCrash: 0, Is64bit: 1, IsPro: 1

COMMAND LINE ARGUMENTS:
C:\Program Files\Unity\Hub\Editor\2021.3.18f1\Editor\Unity.exe
-adb2
-batchMode
-noUpm
-name
AssetImportWorker2
-projectPath
C:/Users/Andreas/Documents/EKPA/master_thesis/Virtual-Playground
-logFile
Logs/AssetImportWorker2.log
-srvPort
52756
Successfully changed project path to: C:/Users/Andreas/Documents/EKPA/master_thesis/Virtual-Playground
C:/Users/Andreas/Documents/EKPA/master_thesis/Virtual-Playground
[UnityMemory] Configuration Parameters - Can be set up in boot.config
    "memorysetup-bucket-allocator-granularity=16"
    "memorysetup-bucket-allocator-bucket-count=8"
    "memorysetup-bucket-allocator-block-size=33554432"
    "memorysetup-bucket-allocator-block-count=8"
    "memorysetup-main-allocator-block-size=16777216"
    "memorysetup-thread-allocator-block-size=16777216"
    "memorysetup-gfx-main-allocator-block-size=16777216"
    "memorysetup-gfx-thread-allocator-block-size=16777216"
    "memorysetup-cache-allocator-block-size=4194304"
    "memorysetup-typetree-allocator-block-size=2097152"
    "memorysetup-profiler-bucket-allocator-granularity=16"
    "memorysetup-profiler-bucket-allocator-bucket-count=8"
    "memorysetup-profiler-bucket-allocator-block-size=33554432"
    "memorysetup-profiler-bucket-allocator-block-count=8"
    "memorysetup-profiler-allocator-block-size=16777216"
    "memorysetup-profiler-editor-allocator-block-size=1048576"
    "memorysetup-temp-allocator-size-main=16777216"
    "memorysetup-job-temp-allocator-block-size=2097152"
    "memorysetup-job-temp-allocator-block-size-background=1048576"
    "memorysetup-job-temp-allocator-reduction-small-platforms=262144"
    "memorysetup-temp-allocator-size-background-worker=32768"
    "memorysetup-temp-allocator-size-job-worker=262144"
    "memorysetup-temp-allocator-size-preload-manager=33554432"
    "memorysetup-temp-allocator-size-nav-mesh-worker=65536"
    "memorysetup-temp-allocator-size-audio-worker=65536"
    "memorysetup-temp-allocator-size-cloud-worker=32768"
    "memorysetup-temp-allocator-size-gi-baking-worker=262144"
    "memorysetup-temp-allocator-size-gfx=262144"
Player connection [5732] Host "[IP] 172.27.160.1 [Port] 0 [Flags] 2 [Guid] 3978898364 [EditorId] 3978898364 [Version] 1048832 [Id] WindowsEditor(7,DESKTOP-BV98855) [Debug] 1 [PackageName] WindowsEditor [ProjectName] Editor" joined multi-casting on [225.0.0.222:54997]...

Player connection [5732] Host "[IP] 172.27.160.1 [Port] 0 [Flags] 2 [Guid] 3978898364 [EditorId] 3978898364 [Version] 1048832 [Id] WindowsEditor(7,DESKTOP-BV98855) [Debug] 1 [PackageName] WindowsEditor [ProjectName] Editor" joined alternative multi-casting on [225.0.0.222:34997]...

Refreshing native plugins compatible for Editor in 271.89 ms, found 8 plugins.
Preloading 1 native plugins for Editor in 0.71 ms.
Initialize engine version: 2021.3.18f1 (3129e69bc0c7)
[Subsystems] Discovering subsystems at path C:/Program Files/Unity/Hub/Editor/2021.3.18f1/Editor/Data/Resources/UnitySubsystems
[Subsystems] Discovering subsystems at path C:/Users/Andreas/Documents/EKPA/master_thesis/Virtual-Playground/Assets
GfxDevice: creating device client; threaded=0; jobified=0
Direct3D:
    Version:  Direct3D 11.0 [level 11.1]
    Renderer: NVIDIA GeForce GTX 1050 (ID=0x1c8d)
    Vendor:   NVIDIA
    VRAM:     4018 MB
    Driver:   31.0.15.3598
Shader 'Oculus/OVRMRCameraFrameLit': fallback shader 'Alpha-Diffuse' not found
Initialize mono
Mono path[0] = 'C:/Program Files/Unity/Hub/Editor/2021.3.18f1/Editor/Data/Managed'
Mono path[1] = 'C:/Program Files/Unity/Hub/Editor/2021.3.18f1/Editor/Data/MonoBleedingEdge/lib/mono/unityjit-win32'
Mono config path = 'C:/Program Files/Unity/Hub/Editor/2021.3.18f1/Editor/Data/MonoBleedingEdge/etc'
Using monoOptions --debugger-agent=transport=dt_socket,embedding=1,server=y,suspend=n,address=127.0.0.1:56140
Begin MonoManager ReloadAssembly
Registering precompiled unity dll's ...
Register platform support module: C:/Program Files/Unity/Hub/Editor/2021.3.18f1/Editor/Data/PlaybackEngines/AndroidPlayer/UnityEditor.Android.Extensions.dll
Register platform support module: C:/Program Files/Unity/Hub/Editor/2021.3.18f1/Editor/Data/PlaybackEngines/WindowsStandaloneSupport/UnityEditor.WindowsStandalone.Extensions.dll
Registered in 0.011428 seconds.
Native extension for WindowsStandalone target not found
Native extension for Android target not found
Android Extension - Scanning For ADB Devices 380 ms
Refreshing native plugins compatible for Editor in 189.41 ms, found 8 plugins.
Preloading 1 native plugins for Editor in 0.07 ms.
Mono: successfully reloaded assembly
- Completed reload, in  1.666 seconds
Domain Reload Profiling:
	ReloadAssembly (1667ms)
		BeginReloadAssembly (139ms)
			ExecutionOrderSort (0ms)
			DisableScriptedObjects (0ms)
			BackupInstance (0ms)
			ReleaseScriptingObjects (0ms)
			CreateAndSetChildDomain (1ms)
		EndReloadAssembly (1292ms)
			LoadAssemblies (137ms)
			RebuildTransferFunctionScriptingTraits (0ms)
			SetupTypeCache (228ms)
			ReleaseScriptCaches (0ms)
			RebuildScriptCaches (46ms)
			SetupLoadedEditorAssemblies (928ms)
				LogAssemblyErrors (0ms)
				InitializePlatformSupportModulesInManaged (510ms)
				SetLoadedEditorAssemblies (0ms)
				RefreshPlugins (190ms)
				BeforeProcessingInitializeOnLoad (1ms)
				ProcessInitializeOnLoadAttributes (150ms)
				ProcessInitializeOnLoadMethodAttributes (76ms)
				AfterProcessingInitializeOnLoad (0ms)
				EditorAssembliesLoaded (0ms)
			ExecutionOrderSort2 (0ms)
			AwakeInstancesAfterBackupRestoration (0ms)
Platform modules already initialized, skipping
Registering precompiled user dll's ...
Registered in 0.012099 seconds.
Begin MonoManager ReloadAssembly
Symbol file LoadedFromMemory doesn't match image C:\Users\Andreas\Documents\EKPA\master_thesis\Virtual-Playground\Library\PackageCache\com.unity.visualscripting@1.8.0\Editor\VisualScripting.Core\Dependencies\DotNetZip\Unity.VisualScripting.IonicZip.dll
Symbol file LoadedFromMemory doesn't match image C:\Users\Andreas\Documents\EKPA\master_thesis\Virtual-Playground\Library\PackageCache\com.unity.visualscripting@1.8.0\Editor\VisualScripting.Core\Dependencies\YamlDotNet\Unity.VisualScripting.YamlDotNet.dll
Native extension for WindowsStandalone target not found
Native extension for Android target not found
Refreshing native plugins compatible for Editor in 1.68 ms, found 8 plugins.
Preloading 1 native plugins for Editor in 0.10 ms.
Package Manager log level set to [2]
[XR] OculusXRPlugin: registering subsystems
[XR] Unable to register display lifecyle provider: [1]
[XR] Oculus Input lifecycle provider registered.
[XR] Unable to register input lifecyle provider: [1]
[XR] OVRP version 1.86.1
Mono: successfully reloaded assembly
- Completed reload, in  1.884 seconds
Domain Reload Profiling:
	ReloadAssembly (1885ms)
		BeginReloadAssembly (156ms)
			ExecutionOrderSort (0ms)
			DisableScriptedObjects (7ms)
			BackupInstance (0ms)
			ReleaseScriptingObjects (0ms)
			CreateAndSetChildDomain (24ms)
		EndReloadAssembly (1566ms)
			LoadAssemblies (130ms)
			RebuildTransferFunctionScriptingTraits (0ms)
			SetupTypeCache (422ms)
			ReleaseScriptCaches (1ms)
			RebuildScriptCaches (111ms)
			SetupLoadedEditorAssemblies (807ms)
				LogAssemblyErrors (0ms)
				InitializePlatformSupportModulesInManaged (22ms)
				SetLoadedEditorAssemblies (1ms)
				RefreshPlugins (2ms)
				BeforeProcessingInitializeOnLoad (164ms)
				ProcessInitializeOnLoadAttributes (435ms)
				ProcessInitializeOnLoadMethodAttributes (177ms)
				AfterProcessingInitializeOnLoad (7ms)
				EditorAssembliesLoaded (0ms)
			ExecutionOrderSort2 (0ms)
			AwakeInstancesAfterBackupRestoration (8ms)
Platform modules already initialized, skipping
========================================================================
Worker process is ready to serve import requests
Shader 'Oculus/OVRMRCameraFrameLit': fallback shader 'Alpha-Diffuse' not found
Launched and connected shader compiler UnityShaderCompiler.exe after 0.06 seconds
Refreshing native plugins compatible for Editor in 1.70 ms, found 8 plugins.
Preloading 1 native plugins for Editor in 0.10 ms.
Unloading 5743 Unused Serialized files (Serialized files now loaded: 0)
Unloading 98 unused Assets / (146.8 KB). Loaded Objects now: 6158.
Memory consumption went from 211.0 MB to 210.9 MB.
Total: 15.550200 ms (FindLiveObjects: 0.600100 ms CreateObjectMapping: 0.628800 ms MarkObjects: 14.103900 ms  DeleteObjects: 0.215800 ms)

AssetImportParameters requested are different than current active one (requested -> active):
  custom:video-decoder-ogg-theora: a1e56fd34408186e4bbccfd4996cb3dc -> 
  custom:container-muxer-webm: aa71ff27fc2769a1b78a27578f13a17b -> 
  custom:container-demuxer-webm: 4f35f7cbe854078d1ac9338744f61a02 -> 
  custom:video-encoder-webm-vp8: eb34c28f22e8b96e1ab97ce403110664 -> 
  custom:audio-encoder-webm-vorbis: bf7c407c2cedff20999df2af8eb42d56 -> 
  custom:framework-win-MediaFoundation: 216162199b28c13a410421893ffa2e32 -> 
  custom:container-demuxer-ogg: 62fdf1f143b41e24485cea50d1cbac27 -> 
  custom:video-decoder-webm-vp8: 9c59270c3fd7afecdb556c50c9e8de78 -> 
  custom:audio-decoder-ogg-vorbis: bf7c407c2cedff20999df2af8eb42d56 -> 
========================================================================
Received Import Request.
  Time since last request: 4660.544303 seconds.
  path: Assets/Fonts/2Bubblegum.ttf
  artifactKey: Guid(3a8166161b03db9409c85377b236bdd2) Importer(815301076,1909f56bfc062723c751e8b465ee728b)
Start importing Assets/Fonts/2Bubblegum.ttf using Guid(3a8166161b03db9409c85377b236bdd2) Importer(815301076,1909f56bfc062723c751e8b465ee728b)  -> (artifact id: '7993e5109fbd0707e9e22e56d462f5e0') in 0.217620 seconds 
========================================================================
Received Import Request.
  Time since last request: 0.000031 seconds.
  path: Assets/Oculus/Spatializer/scenes/sounds/360 Workstation Ambisonic Panning AmbiX.wav
  artifactKey: Guid(1340d7fb0cd1bfb4caa3b3270cb2ea5f) Importer(815301076,1909f56bfc062723c751e8b465ee728b)
Start importing Assets/Oculus/Spatializer/scenes/sounds/360 Workstation Ambisonic Panning AmbiX.wav using Guid(1340d7fb0cd1bfb4caa3b3270cb2ea5f) Importer(815301076,1909f56bfc062723c751e8b465ee728b)  -> (artifact id: '6af492aa136f18e11ed89f26f79d24d4') in 0.054715 seconds 
========================================================================
Received Import Request.
  Time since last request: 0.000036 seconds.
  path: Packages/com.unity.services.core/Editor/Core/UiHelpers/UXML/AccessTokenError.uxml
  artifactKey: Guid(9bbe9fb6e9537684cac89a4e82cf3d63) Importer(815301076,1909f56bfc062723c751e8b465ee728b)
Start importing Packages/com.unity.services.core/Editor/Core/UiHelpers/UXML/AccessTokenError.uxml using Guid(9bbe9fb6e9537684cac89a4e82cf3d63) Importer(815301076,1909f56bfc062723c751e8b465ee728b)  -> (artifact id: 'bda8d13c388491e806223e61b34fd349') in 0.031913 seconds 
========================================================================
Received Import Request.
  Time since last request: 0.000023 seconds.
  path: Assets/Oculus/LipSync/Models/RobotHead_TextureFlip/aa.png
  artifactKey: Guid(5c06354455999f94ea26114e261dde6d) Importer(815301076,1909f56bfc062723c751e8b465ee728b)
Start importing Assets/Oculus/LipSync/Models/RobotHead_TextureFlip/aa.png using Guid(5c06354455999f94ea26114e261dde6d) Importer(815301076,1909f56bfc062723c751e8b465ee728b) ASTC decompression error (1) for format 134 RGBA Compressed ASTC6X6 UNorm: ASTCENC_ERR_OUT_OF_MEM
=================================================================
	Native Crash Reporting
=================================================================
Got a UNKNOWN while executing native code. This usually indicates
a fatal error in the mono runtime or one of the native libraries 
used by your application.
=================================================================

=================================================================
	Managed Stacktrace:
=================================================================
=================================================================
Crash!!!
Received signal SIGSEGV
A crash has been intercepted by the crash handler. For call stack and other details, see the latest crash report generated in:
 * C:/Users/Andreas/AppData/Local/Temp/Unity/Editor/Crashes
A crash has been intercepted by the crash handler. For call stack and other details, see the latest crash report generated in:
 * C:/Users/Andreas/AppData/Local/Temp/Unity/Editor/Crashes
A crash has been intercepted by the crash handler. For call stack and other details, see the latest crash report generated in:
 * C:/Users/Andreas/AppData/Local/Temp/Unity/Editor/Crashes
A crash has been intercepted by the crash handler. For call stack and other details, see the latest crash report generated in:
 * C:/Users/Andreas/AppData/Local/Temp/Unity/Editor/Crashes
A crash has been intercepted by the crash handler. For call stack and other details, see the latest crash report generated in:
 * C:/Users/Andreas/AppData/Local/Temp/Unity/Editor/Crashes
A crash has been intercepted by the crash handler. For call stack and other details, see the latest crash report generated in:
 * C:/Users/Andreas/AppData/Local/Temp/Unity/Editor/Crashes
A crash has been intercepted by the crash handler. For call stack and other details, see the latest crash report generated in:
 * C:/Users/Andreas/AppData/Local/Temp/Unity/Editor/Crashes
A crash has been intercepted by the crash handler. For call stack and other details, see the latest crash report generated in:
 * C:/Users/Andreas/AppData/Local/Temp/Unity/Editor/Crashes
A crash has been intercepted by the crash handler. For call stack and other details, see the latest crash report generated in:
 * C:/Users/Andreas/AppData/Local/Temp/Unity/Editor/Crashes
A crash has been intercepted by the crash handler. For call stack and other details, see the latest crash report generated in:
 * C:/Users/Andreas/AppData/Local/Temp/Unity/Editor/Crashes
SymInit: Symbol-SearchPath: '.;C:\Users\Andreas\Documents\EKPA\master_thesis\Virtual-Playground;C:\Users\Andreas\Documents\EKPA\master_thesis\Virtual-Playground\Library\BurstCache\JIT;C:\Program Files\Unity\Hub\Editor\2021.3.18f1\Editor;C:\WINDOWS;C:\WINDOWS\system32;', symOptions: 534, UserName: 'Andreas'
OS-Version: 10.0.0
C:\Program Files\Unity\Hub\Editor\2021.3.18f1\Editor\Unity.exe:Unity.exe (00007FF707620000), size: 73973760 (result: 0), SymType: 'PDB', PDB: 'C:\Program Files\Unity\Hub\Editor\2021.3.18f1\Editor\Unity_x64.pdb', fileVersion: 2021.3.18.10726
C:\WINDOWS\SYSTEM32\ntdll.dll:ntdll.dll (00007FFA21230000), size: 2179072 (result: 0), SymType: '-exported-', PDB: 'C:\WINDOWS\SYSTEM32\ntdll.dll', fileVersion: 10.0.22621.1848
C:\WINDOWS\System32\KERNEL32.DLL:KERNEL32.DLL (00007FFA1F110000), size: 794624 (result: 0), SymType: '-nosymbols-', PDB: 'C:\WINDOWS\System32\KERNEL32.DLL', fileVersion: 10.0.22621.1778
C:\WINDOWS\System32\KERNELBASE.dll:KERNELBASE.dll (00007FFA1E9D0000), size: 3813376 (result: 0), SymType: '-nosymbols-', PDB: 'C:\WINDOWS\System32\KERNELBASE.dll', fileVersion: 10.0.22621.1778
C:\WINDOWS\System32\CRYPT32.dll:CRYPT32.dll (00007FFA1E7C0000), size: 1470464 (result: 0), SymType: '-exported-', PDB: 'C:\WINDOWS\System32\CRYPT32.dll', fileVersion: 10.0.22621.1848
C:\WINDOWS\System32\ucrtbase.dll:ucrtbase.dll (00007FFA1E630000), size: 1118208 (result: 0), SymType: '-exported-', PDB: 'C:\WINDOWS\System32\ucrtbase.dll', fileVersion: 10.0.22621.608
C:\WINDOWS\System32\USER32.dll:USER32.dll (00007FFA20780000), size: 1748992 (result: 0), SymType: '-exported-', PDB: 'C:\WINDOWS\System32\USER32.dll', fileVersion: 10.0.22621.1778
C:\WINDOWS\System32\win32u.dll:win32u.dll (00007FFA1EFE0000), size: 155648 (result: 0), SymType: '-exported-', PDB: 'C:\WINDOWS\System32\win32u.dll', fileVersion: 10.0.22621.1848
C:\WINDOWS\System32\GDI32.dll:GDI32.dll (00007FFA1F1F0000), size: 167936 (result: 0), SymType: '-exported-', PDB: 'C:\WINDOWS\System32\GDI32.dll', fileVersion: 10.0.22621.1778
C:\Program Files\Unity\Hub\Editor\2021.3.18f1\Editor\libfbxsdk.dll:libfbxsdk.dll (00007FF984A30000), size: 10108928 (result: 0), SymType: '-nosymbols-', PDB: 'C:\Program Files\Unity\Hub\Editor\2021.3.18f1\Editor\libfbxsdk.dll', fileVersion: 2020.3.2.0
C:\Program Files\Unity\Hub\Editor\2021.3.18f1\Editor\optix.6.0.0.dll:optix.6.0.0.dll (00007FF9849F0000), size: 208896 (result: 0), SymType: '-exported-', PDB: 'C:\Program Files\Unity\Hub\Editor\2021.3.18f1\Editor\optix.6.0.0.dll', fileVersion: 6.0.0.0
C:\Program Files\Unity\Hub\Editor\2021.3.18f1\Editor\s3tcompress.dll:s3tcompress.dll (00007FFA04D90000), size: 180224 (result: 0), SymType: '-exported-', PDB: 'C:\Program Files\Unity\Hub\Editor\2021.3.18f1\Editor\s3tcompress.dll'
C:\WINDOWS\System32\gdi32full.dll:gdi32full.dll (00007FFA1ED80000), size: 1150976 (result: 0), SymType: '-nosymbols-', PDB: 'C:\WINDOWS\System32\gdi32full.dll', fileVersion: 10.0.22621.1778
C:\WINDOWS\System32\msvcp_win.dll:msvcp_win.dll (00007FFA1E930000), size: 630784 (result: 0), SymType: '-exported-', PDB: 'C:\WINDOWS\System32\msvcp_win.dll', fileVersion: 10.0.22621.608
C:\Program Files\Unity\Hub\Editor\2021.3.18f1\Editor\etccompress.dll:etccompress.dll (00007FF984510000), size: 5066752 (result: 0), SymType: '-exported-', PDB: 'C:\Program Files\Unity\Hub\Editor\2021.3.18f1\Editor\etccompress.dll'
C:\WINDOWS\System32\ADVAPI32.dll:ADVAPI32.dll (00007FFA20A60000), size: 712704 (result: 0), SymType: '-nosymbols-', PDB: 'C:\WINDOWS\System32\ADVAPI32.dll', fileVersion: 10.0.22621.1485
C:\Program Files\Unity\Hub\Editor\2021.3.18f1\Editor\ispc_texcomp.dll:ispc_texcomp.dll (00007FF984360000), size: 1740800 (result: 0), SymType: '-exported-', PDB: 'C:\Program Files\Unity\Hub\Editor\2021.3.18f1\Editor\ispc_texcomp.dll'
C:\WINDOWS\System32\msvcrt.dll:msvcrt.dll (00007FFA21140000), size: 684032 (result: 0), SymType: '-exported-', PDB: 'C:\WINDOWS\System32\msvcrt.dll', fileVersion: 7.0.22621.608
C:\WINDOWS\System32\sechost.dll:sechost.dll (00007FFA1F300000), size: 671744 (result: 0), SymType: '-exported-', PDB: 'C:\WINDOWS\System32\sechost.dll', fileVersion: 10.0.22621.1635
C:\Program Files\Unity\Hub\Editor\2021.3.18f1\Editor\compress_bc7e.dll:compress_bc7e.dll (00007FF984200000), size: 1441792 (result: 0), SymType: '-nosymbols-', PDB: 'C:\Program Files\Unity\Hub\Editor\2021.3.18f1\Editor\compress_bc7e.dll'
C:\WINDOWS\System32\RPCRT4.dll:RPCRT4.dll (00007FFA20F90000), size: 1142784 (result: 0), SymType: '-nosymbols-', PDB: 'C:\WINDOWS\System32\RPCRT4.dll', fileVersion: 10.0.22621.1702
C:\Program Files\Unity\Hub\Editor\2021.3.18f1\Editor\FreeImage.dll:FreeImage.dll (0000000180000000), size: 6582272 (result: 0), SymType: '-nosymbols-', PDB: 'C:\Program Files\Unity\Hub\Editor\2021.3.18f1\Editor\FreeImage.dll', fileVersion: 3.18.0.0
C:\WINDOWS\System32\SHELL32.dll:SHELL32.dll (00007FFA1F3E0000), size: 8364032 (result: 0), SymType: '-nosymbols-', PDB: 'C:\WINDOWS\System32\SHELL32.dll', fileVersion: 10.0.22621.1778
C:\Program Files\Unity\Hub\Editor\2021.3.18f1\Editor\OpenImageDenoise.dll:OpenImageDenoise.dll (00007FF981360000), size: 48848896 (result: 0), SymType: '-exported-', PDB: 'C:\Program Files\Unity\Hub\Editor\2021.3.18f1\Editor\OpenImageDenoise.dll', fileVersion: 1.4.2.0
C:\WINDOWS\System32\WS2_32.dll:WS2_32.dll (00007FFA204C0000), size: 462848 (result: 0), SymType: '-nosymbols-', PDB: 'C:\WINDOWS\System32\WS2_32.dll', fileVersion: 10.0.22621.1
C:\WINDOWS\System32\SHLWAPI.dll:SHLWAPI.dll (00007FFA20540000), size: 385024 (result: 0), SymType: '-nosymbols-', PDB: 'C:\WINDOWS\System32\SHLWAPI.dll', fileVersion: 10.0.22621.1635
C:\Program Files\Unity\Hub\Editor\2021.3.18f1\Editor\WinPixEventRuntime.dll:WinPixEventRuntime.dll (00007FFA186A0000), size: 45056 (result: 0), SymType: '-nosymbols-', PDB: 'C:\Program Files\Unity\Hub\Editor\2021.3.18f1\Editor\WinPixEventRuntime.dll', fileVersion: 1.0.1812.6001
C:\WINDOWS\System32\ole32.dll:ole32.dll (00007FFA1FBE0000), size: 1687552 (result: 0), SymType: '-nosymbols-', PDB: 'C:\WINDOWS\System32\ole32.dll', fileVersion: 10.0.22621.1702
C:\WINDOWS\System32\combase.dll:combase.dll (00007FFA20050000), size: 3706880 (result: 0), SymType: '-exported-', PDB: 'C:\WINDOWS\System32\combase.dll', fileVersion: 10.0.22621.1485
C:\WINDOWS\System32\IMM32.dll:IMM32.dll (00007FFA1FFA0000), size: 200704 (result: 0), SymType: '-nosymbols-', PDB: 'C:\WINDOWS\System32\IMM32.dll', fileVersion: 10.0.22621.1344
C:\Program Files\Unity\Hub\Editor\2021.3.18f1\Editor\umbraoptimizer64.dll:umbraoptimizer64.dll (00007FF981230000), size: 1187840 (result: 0), SymType: '-nosymbols-', PDB: 'C:\Program Files\Unity\Hub\Editor\2021.3.18f1\Editor\umbraoptimizer64.dll'
C:\WINDOWS\System32\SETUPAPI.dll:SETUPAPI.dll (00007FFA20B10000), size: 4669440 (result: 0), SymType: '-nosymbols-', PDB: 'C:\WINDOWS\System32\SETUPAPI.dll', fileVersion: 10.0.22621.1778
C:\WINDOWS\System32\OLEAUT32.dll:OLEAUT32.dll (00007FFA206A0000), size: 880640 (result: 0), SymType: '-nosymbols-', PDB: 'C:\WINDOWS\System32\OLEAUT32.dll', fileVersion: 10.0.22621.608
C:\WINDOWS\System32\WINTRUST.dll:WINTRUST.dll (00007FFA1E750000), size: 438272 (result: 0), SymType: '-nosymbols-', PDB: 'C:\WINDOWS\System32\WINTRUST.dll', fileVersion: 10.0.22621.1485
C:\Program Files\Unity\Hub\Editor\2021.3.18f1\Editor\tbb12.dll:tbb12.dll (00007FF9805F0000), size: 434176 (result: 0), SymType: '-nosymbols-', PDB: 'C:\Program Files\Unity\Hub\Editor\2021.3.18f1\Editor\tbb12.dll'
C:\WINDOWS\SYSTEM32\MSVCP140.dll:MSVCP140.dll (00007FF9FF8A0000), size: 581632 (result: 0), SymType: '-nosymbols-', PDB: 'C:\WINDOWS\SYSTEM32\MSVCP140.dll', fileVersion: 14.34.31931.0
C:\WINDOWS\SYSTEM32\VCRUNTIME140.dll:VCRUNTIME140.dll (00007FF9FF880000), size: 110592 (result: 0), SymType: '-nosymbols-', PDB: 'C:\WINDOWS\SYSTEM32\VCRUNTIME140.dll', fileVersion: 14.34.31931.0
C:\WINDOWS\SYSTEM32\GLU32.dll:GLU32.dll (00007FF9E8370000), size: 184320 (result: 0), SymType: '-nosymbols-', PDB: 'C:\WINDOWS\SYSTEM32\GLU32.dll', fileVersion: 10.0.22621.608
C:\WINDOWS\SYSTEM32\OPENGL32.dll:OPENGL32.dll (00007FF9E83E0000), size: 1048576 (result: 0), SymType: '-nosymbols-', PDB: 'C:\WINDOWS\SYSTEM32\OPENGL32.dll', fileVersion: 10.0.22621.1635
C:\WINDOWS\SYSTEM32\IPHLPAPI.DLL:IPHLPAPI.DLL (00007FFA1D190000), size: 184320 (result: 0), SymType: '-nosymbols-', PDB: 'C:\WINDOWS\SYSTEM32\IPHLPAPI.DLL', fileVersion: 10.0.22621.1
C:\WINDOWS\SYSTEM32\WINHTTP.dll:WINHTTP.dll (00007FFA16980000), size: 1273856 (result: 0), SymType: '-nosymbols-', PDB: 'C:\WINDOWS\SYSTEM32\WINHTTP.dll', fileVersion: 10.0.22621.1635
C:\WINDOWS\SYSTEM32\WINMM.dll:WINMM.dll (00007FFA16610000), size: 212992 (result: 0), SymType: '-nosymbols-', PDB: 'C:\WINDOWS\SYSTEM32\WINMM.dll', fileVersion: 10.0.22621.1635
C:\WINDOWS\SYSTEM32\bcrypt.dll:bcrypt.dll (00007FFA1DFE0000), size: 163840 (result: 0), SymType: '-exported-', PDB: 'C:\WINDOWS\SYSTEM32\bcrypt.dll', fileVersion: 10.0.22621.1344
C:\WINDOWS\SYSTEM32\HID.DLL:HID.DLL (00007FFA1CEC0000), size: 57344 (result: 0), SymType: '-nosymbols-', PDB: 'C:\WINDOWS\SYSTEM32\HID.DLL', fileVersion: 10.0.22621.1
C:\WINDOWS\SYSTEM32\dwmapi.dll:dwmapi.dll (00007FFA1B4C0000), size: 176128 (result: 0), SymType: '-nosymbols-', PDB: 'C:\WINDOWS\SYSTEM32\dwmapi.dll', fileVersion: 10.0.22621.1635
C:\Program Files\Unity\Hub\Editor\2021.3.18f1\Editor\RadeonImageFilters.dll:RadeonImageFilters.dll (00007FF980F50000), size: 2961408 (result: 0), SymType: '-nosymbols-', PDB: 'C:\Program Files\Unity\Hub\Editor\2021.3.18f1\Editor\RadeonImageFilters.dll', fileVersion: 1.7.0.0
C:\Program Files\Unity\Hub\Editor\2021.3.18f1\Editor\SketchUpAPI.dll:SketchUpAPI.dll (00007FF980660000), size: 9310208 (result: 0), SymType: '-nosymbols-', PDB: 'C:\Program Files\Unity\Hub\Editor\2021.3.18f1\Editor\SketchUpAPI.dll', fileVersion: 22.1.205.0
C:\WINDOWS\SYSTEM32\VERSION.dll:VERSION.dll (00007FFA12E40000), size: 40960 (result: 0), SymType: '-nosymbols-', PDB: 'C:\WINDOWS\SYSTEM32\VERSION.dll', fileVersion: 10.0.22621.1
C:\WINDOWS\SYSTEM32\WSOCK32.dll:WSOCK32.dll (00007FF9FBC00000), size: 36864 (result: 0), SymType: '-nosymbols-', PDB: 'C:\WINDOWS\SYSTEM32\WSOCK32.dll', fileVersion: 10.0.22621.1
C:\Program Files\Unity\Hub\Editor\2021.3.18f1\Editor\tbbmalloc.dll:tbbmalloc.dll (00007FF980520000), size: 282624 (result: 0), SymType: '-nosymbols-', PDB: 'C:\Program Files\Unity\Hub\Editor\2021.3.18f1\Editor\tbbmalloc.dll'
C:\WINDOWS\SYSTEM32\VCRUNTIME140_1.dll:VCRUNTIME140_1.dll (00007FFA0E0C0000), size: 49152 (result: 0), SymType: '-nosymbols-', PDB: 'C:\WINDOWS\SYSTEM32\VCRUNTIME140_1.dll', fileVersion: 14.34.31931.0
C:\Program Files\Unity\Hub\Editor\2021.3.18f1\Editor\RadeonML.dll:RadeonML.dll (00007FF993C30000), size: 94208 (result: 0), SymType: '-nosymbols-', PDB: 'C:\Program Files\Unity\Hub\Editor\2021.3.18f1\Editor\RadeonML.dll', fileVersion: 0.9.11.0
C:\Program Files\Unity\Hub\Editor\2021.3.18f1\Editor\SketchUpCommonPreferences.dll:SketchUpCommonPreferences.dll (00007FF980570000), size: 499712 (result: 0), SymType: '-nosymbols-', PDB: 'C:\Program Files\Unity\Hub\Editor\2021.3.18f1\Editor\SketchUpCommonPreferences.dll', fileVersion: 22.1.205.54
C:\WINDOWS\SYSTEM32\Secur32.dll:Secur32.dll (00007FFA0E4A0000), size: 49152 (result: 0), SymType: '-nosymbols-', PDB: 'C:\WINDOWS\SYSTEM32\Secur32.dll', fileVersion: 10.0.22621.1
C:\WINDOWS\SYSTEM32\dxcore.dll:dxcore.dll (00007FFA1BA40000), size: 229376 (result: 0), SymType: '-nosymbols-', PDB: 'C:\WINDOWS\SYSTEM32\dxcore.dll', fileVersion: 10.0.22621.1778
C:\WINDOWS\SYSTEM32\SSPICLI.DLL:SSPICLI.DLL (00007FFA1D980000), size: 270336 (result: 0), SymType: '-nosymbols-', PDB: 'C:\WINDOWS\SYSTEM32\SSPICLI.DLL', fileVersion: 10.0.22621.1635
C:\Program Files\Unity\Hub\Editor\2021.3.18f1\Editor\OpenRL.dll:OpenRL.dll (000001BADBF20000), size: 12779520 (result: 0), SymType: '-nosymbols-', PDB: 'C:\Program Files\Unity\Hub\Editor\2021.3.18f1\Editor\OpenRL.dll', fileVersion: 1.5.0.2907
C:\WINDOWS\SYSTEM32\MSVCR100.dll:MSVCR100.dll (000000005E070000), size: 860160 (result: 0), SymType: '-nosymbols-', PDB: 'C:\WINDOWS\SYSTEM32\MSVCR100.dll', fileVersion: 10.0.40219.325
C:\Program Files\Unity\Hub\Editor\2021.3.18f1\Editor\embree.dll:embree.dll (00007FF97F530000), size: 16711680 (result: 0), SymType: '-nosymbols-', PDB: 'C:\Program Files\Unity\Hub\Editor\2021.3.18f1\Editor\embree.dll', fileVersion: 2.14.0.0
C:\WINDOWS\SYSTEM32\MSVCP100.dll:MSVCP100.dll (000000005E150000), size: 622592 (result: 0), SymType: '-exported-', PDB: 'C:\WINDOWS\SYSTEM32\MSVCP100.dll', fileVersion: 10.0.40219.325
C:\WINDOWS\SYSTEM32\cfgmgr32.DLL:cfgmgr32.DLL (00007FFA1E2F0000), size: 319488 (result: 0), SymType: '-exported-', PDB: 'C:\WINDOWS\SYSTEM32\cfgmgr32.DLL', fileVersion: 10.0.22621.1344
C:\Program Files\Unity\Hub\Editor\2021.3.18f1\Editor\tbb.dll:tbb.dll (00007FF97F4C0000), size: 413696 (result: 0), SymType: '-exported-', PDB: 'C:\Program Files\Unity\Hub\Editor\2021.3.18f1\Editor\tbb.dll', fileVersion: 2017.0.2016.1004
C:\WINDOWS\SYSTEM32\MSWSOCK.DLL:MSWSOCK.DLL (00007FFA1DB90000), size: 430080 (result: 0), SymType: '-exported-', PDB: 'C:\WINDOWS\SYSTEM32\MSWSOCK.DLL', fileVersion: 10.0.22621.1
C:\WINDOWS\SYSTEM32\MSVCP120.dll:MSVCP120.dll (00007FF9FE060000), size: 679936 (result: 0), SymType: '-deferred-', PDB: '', fileVersion: 12.0.40649.5
C:\WINDOWS\SYSTEM32\MSVCR120.dll:MSVCR120.dll (00007FF9FED60000), size: 978944 (result: 0), SymType: '-deferred-', PDB: '', fileVersion: 12.0.40649.5
C:\Program Files\Unity\Hub\Editor\2021.3.18f1\Editor\OpenRL_pthread.dll:OpenRL_pthread.dll (000001BADCB70000), size: 61440 (result: 0), SymType: '-exported-', PDB: 'C:\Program Files\Unity\Hub\Editor\2021.3.18f1\Editor\OpenRL_pthread.dll', fileVersion: 2.9.0.0
C:\WINDOWS\SYSTEM32\MSASN1.dll:MSASN1.dll (00007FFA1E2D0000), size: 73728 (result: 0), SymType: '-deferred-', PDB: '', fileVersion: 10.0.22621.819
C:\WINDOWS\SYSTEM32\kernel.appcore.dll:kernel.appcore.dll (00007FFA1D730000), size: 98304 (result: 0), SymType: '-exported-', PDB: 'C:\WINDOWS\SYSTEM32\kernel.appcore.dll', fileVersion: 10.0.22621.1
C:\WINDOWS\System32\bcryptPrimitives.dll:bcryptPrimitives.dll (00007FFA1EF60000), size: 503808 (result: 0), SymType: '-exported-', PDB: 'C:\WINDOWS\System32\bcryptPrimitives.dll', fileVersion: 10.0.22621.1344
C:\WINDOWS\system32\uxtheme.dll:uxtheme.dll (00007FFA1AFE0000), size: 700416 (result: 0), SymType: '-exported-', PDB: 'C:\WINDOWS\system32\uxtheme.dll', fileVersion: 10.0.22621.1635
C:\WINDOWS\System32\shcore.dll:shcore.dll (00007FFA1F010000), size: 987136 (result: 0), SymType: '-deferred-', PDB: '', fileVersion: 10.0.22621.900
C:\WINDOWS\SYSTEM32\windows.storage.dll:windows.storage.dll (00007FFA1C5F0000), size: 9232384 (result: 0), SymType: '-deferred-', PDB: '', fileVersion: 10.0.22621.1778
C:\WINDOWS\SYSTEM32\wintypes.dll:wintypes.dll (00007FFA1C4B0000), size: 1302528 (result: 0), SymType: '-deferred-', PDB: '', fileVersion: 10.0.22621.1485
C:\WINDOWS\SYSTEM32\profapi.dll:profapi.dll (00007FFA1E560000), size: 135168 (result: 0), SymType: '-deferred-', PDB: '', fileVersion: 10.0.22621.1
C:\WINDOWS\system32\IconCodecService.dll:IconCodecService.dll (00007FF9E7FC0000), size: 36864 (result: 0), SymType: '-deferred-', PDB: '', fileVersion: 10.0.22621.1
C:\WINDOWS\SYSTEM32\WindowsCodecs.dll:WindowsCodecs.dll (00007FFA18EE0000), size: 1769472 (result: 0), SymType: '-deferred-', PDB: '', fileVersion: 10.0.22621.1635
C:\WINDOWS\System32\clbcatq.dll:clbcatq.dll (00007FFA1F220000), size: 720896 (result: 0), SymType: '-deferred-', PDB: '', fileVersion: 2001.12.10941.16384
C:\WINDOWS\System32\netprofm.dll:netprofm.dll (00007FFA18240000), size: 491520 (result: 0), SymType: '-deferred-', PDB: '', fileVersion: 10.0.22621.1635
C:\WINDOWS\System32\npmproxy.dll:npmproxy.dll (00007FFA14F30000), size: 98304 (result: 0), SymType: '-deferred-', PDB: '', fileVersion: 10.0.22621.1635
C:\WINDOWS\System32\NSI.dll:NSI.dll (00007FFA1FF90000), size: 36864 (result: 0), SymType: '-exported-', PDB: 'C:\WINDOWS\System32\NSI.dll', fileVersion: 10.0.22621.1
C:\WINDOWS\SYSTEM32\dhcpcsvc6.DLL:dhcpcsvc6.DLL (00007FFA16B00000), size: 102400 (result: 0), SymType: '-deferred-', PDB: '', fileVersion: 10.0.22621.1344
C:\WINDOWS\SYSTEM32\dhcpcsvc.DLL:dhcpcsvc.DLL (00007FFA16AE0000), size: 126976 (result: 0), SymType: '-exported-', PDB: 'C:\WINDOWS\SYSTEM32\dhcpcsvc.DLL', fileVersion: 10.0.22621.1344
C:\WINDOWS\SYSTEM32\DNSAPI.dll:DNSAPI.dll (00007FFA1D200000), size: 995328 (result: 0), SymType: '-exported-', PDB: 'C:\WINDOWS\SYSTEM32\DNSAPI.dll', fileVersion: 10.0.22621.1778
C:\WINDOWS\system32\napinsp.dll:napinsp.dll (00007FF9FBC70000), size: 94208 (result: 0), SymType: '-exported-', PDB: 'C:\WINDOWS\system32\napinsp.dll', fileVersion: 10.0.22621.1
C:\WINDOWS\system32\pnrpnsp.dll:pnrpnsp.dll (00007FF9FBC50000), size: 110592 (result: 0), SymType: '-exported-', PDB: 'C:\WINDOWS\system32\pnrpnsp.dll', fileVersion: 10.0.22621.1
C:\WINDOWS\System32\winrnr.dll:winrnr.dll (00007FF9FBC30000), size: 69632 (result: 0), SymType: '-exported-', PDB: 'C:\WINDOWS\System32\winrnr.dll', fileVersion: 10.0.22621.1
C:\WINDOWS\system32\wshbth.dll:wshbth.dll (00007FFA15CF0000), size: 86016 (result: 0), SymType: '-exported-', PDB: 'C:\WINDOWS\system32\wshbth.dll', fileVersion: 10.0.22621.1778
C:\WINDOWS\system32\nlansp_c.dll:nlansp_c.dll (00007FF9FA010000), size: 135168 (result: 0), SymType: '-exported-', PDB: 'C:\WINDOWS\system32\nlansp_c.dll', fileVersion: 10.0.22621.1
C:\WINDOWS\System32\fwpuclnt.dll:fwpuclnt.dll (00007FFA15180000), size: 540672 (result: 0), SymType: '-exported-', PDB: 'C:\WINDOWS\System32\fwpuclnt.dll', fileVersion: 10.0.22621.1848
C:\Windows\System32\rasadhlp.dll:rasadhlp.dll (00007FFA12C40000), size: 40960 (result: 0), SymType: '-exported-', PDB: 'C:\Windows\System32\rasadhlp.dll', fileVersion: 10.0.22621.1
C:\Program Files\Unity\Hub\Editor\2021.3.18f1\Editor\NVUnityPlugin.DLL:NVUnityPlugin.DLL (00007FF97F340000), size: 1536000 (result: 0), SymType: '-exported-', PDB: 'C:\Program Files\Unity\Hub\Editor\2021.3.18f1\Editor\NVUnityPlugin.DLL'
C:\Program Files\Unity\Hub\Editor\2021.3.18f1\Editor\Data\Tools\astcenc-avx2.dll:astcenc-avx2.dll (00007FFA04E10000), size: 561152 (result: 0), SymType: '-exported-', PDB: 'C:\Program Files\Unity\Hub\Editor\2021.3.18f1\Editor\Data\Tools\astcenc-avx2.dll'
C:\Users\Andreas\Documents\EKPA\master_thesis\Virtual-Playground\Assets\Oculus\Spatializer\Plugins\x86_64\AudioPluginOculusSpatializer.dll:AudioPluginOculusSpatializer.dll (00007FF97E980000), size: 2793472 (result: 0), SymType: '-exported-', PDB: 'C:\Users\Andreas\Documents\EKPA\master_thesis\Virtual-Playground\Assets\Oculus\Spatializer\Plugins\x86_64\AudioPluginOculusSpatializer.dll'
C:\WINDOWS\SYSTEM32\d3d11.dll:d3d11.dll (00007FFA19440000), size: 2453504 (result: 0), SymType: '-exported-', PDB: 'C:\WINDOWS\SYSTEM32\d3d11.dll', fileVersion: 10.0.22621.1635
C:\WINDOWS\SYSTEM32\dxgi.dll:dxgi.dll (00007FFA1B3B0000), size: 1007616 (result: 0), SymType: '-exported-', PDB: 'C:\WINDOWS\SYSTEM32\dxgi.dll', fileVersion: 10.0.22621.1485
C:\WINDOWS\SYSTEM32\directxdatabasehelper.dll:directxdatabasehelper.dll (00007FFA16B20000), size: 294912 (result: 0), SymType: '-nosymbols-', PDB: 'C:\WINDOWS\SYSTEM32\directxdatabasehelper.dll', fileVersion: 10.0.22621.1635
C:\WINDOWS\System32\DriverStore\FileRepository\nvlti.inf_amd64_4afb35f4199f85fa\nvldumdx.dll:nvldumdx.dll (00007FFA12900000), size: 770048 (result: 0), SymType: '-exported-', PDB: 'C:\WINDOWS\System32\DriverStore\FileRepository\nvlti.inf_amd64_4afb35f4199f85fa\nvldumdx.dll', fileVersion: 31.0.15.3598
C:\WINDOWS\SYSTEM32\cryptnet.dll:cryptnet.dll (00007FFA12E00000), size: 204800 (result: 0), SymType: '-exported-', PDB: 'C:\WINDOWS\SYSTEM32\cryptnet.dll', fileVersion: 10.0.22621.1
C:\WINDOWS\SYSTEM32\drvstore.dll:drvstore.dll (00007FFA12CA0000), size: 1441792 (result: 0), SymType: '-exported-', PDB: 'C:\WINDOWS\SYSTEM32\drvstore.dll', fileVersion: 10.0.22621.1778
C:\WINDOWS\SYSTEM32\devobj.dll:devobj.dll (00007FFA1E340000), size: 180224 (result: 0), SymType: '-exported-', PDB: 'C:\WINDOWS\SYSTEM32\devobj.dll', fileVersion: 10.0.22621.1344
C:\WINDOWS\SYSTEM32\wldp.dll:wldp.dll (00007FFA1DE10000), size: 294912 (result: 0), SymType: '-exported-', PDB: 'C:\WINDOWS\SYSTEM32\wldp.dll', fileVersion: 10.0.22621.1635
C:\WINDOWS\SYSTEM32\cryptbase.dll:cryptbase.dll (00007FFA1DE90000), size: 49152 (result: 0), SymType: '-exported-', PDB: 'C:\WINDOWS\SYSTEM32\cryptbase.dll', fileVersion: 10.0.22621.1
C:\WINDOWS\System32\imagehlp.dll:imagehlp.dll (00007FFA1F2D0000), size: 126976 (result: 0), SymType: '-exported-', PDB: 'C:\WINDOWS\System32\imagehlp.dll', fileVersion: 10.0.22621.1
C:\WINDOWS\SYSTEM32\CRYPTSP.dll:CRYPTSP.dll (00007FFA1DEB0000), size: 110592 (result: 0), SymType: '-exported-', PDB: 'C:\WINDOWS\SYSTEM32\CRYPTSP.dll', fileVersion: 10.0.22621.1
C:\WINDOWS\system32\rsaenh.dll:rsaenh.dll (00007FFA1D6A0000), size: 217088 (result: 0), SymType: '-exported-', PDB: 'C:\WINDOWS\system32\rsaenh.dll', fileVersion: 10.0.22621.1
C:\WINDOWS\System32\DriverStore\FileRepository\nvlti.inf_amd64_4afb35f4199f85fa\nvwgf2umx.dll:nvwgf2umx.dll (00007FFA04EA0000), size: 99463168 (result: 0), SymType: '-exported-', PDB: 'C:\WINDOWS\System32\DriverStore\FileRepository\nvlti.inf_amd64_4afb35f4199f85fa\nvwgf2umx.dll', fileVersion: 31.0.15.3598
